# JRE version: Java(TM) SE Runtime Environment (7.0_45-b18) (build 1.7.0_45-b18)
# Java VM: Java HotSpot(TM) 64-Bit Server VM (24.45-b08 mixed mode linux-amd64 compressed oops)
Heap
 PSYoungGen      total 232448K, used 37108K [0x00000000f0000000, 0x0000000100000000, 0x0000000100000000)
  eden space 207872K, 9% used [0x00000000f0000000,0x00000000f127ff50,0x00000000fcb00000)
  from space 24576K, 73% used [0x00000000fe800000,0x00000000ff9bd288,0x0000000100000000)
  to   space 27136K, 0% used [0x00000000fcb00000,0x00000000fcb00000,0x00000000fe580000)
 ParOldGen       total 524288K, used 478546K [0x00000000d0000000, 0x00000000f0000000, 0x00000000f0000000)
  object space 524288K, 91% used [0x00000000d0000000,0x00000000ed354a68,0x00000000f0000000)
 PSPermGen       total 222208K, used 190348K [0x00000000c0000000, 0x00000000cd900000, 0x00000000d0000000)
  object space 222208K, 85% used [0x00000000c0000000,0x00000000cb9e3118,0x00000000cd900000)
GC Heap History (10 events):
Event: 23163.941 GC heap before
{Heap before GC invocations=1582 (full 17):
 PSYoungGen      total 208384K, used 208382K [0x00000000f0000000, 0x00000000fd980000, 0x0000000100000000)
  eden space 203264K, 100% used [0x00000000f0000000,0x00000000fc680000,0x00000000fc680000)
  from space 5120K, 99% used [0x00000000fc680000,0x00000000fcb7f9f0,0x00000000fcb80000)
  to   space 8704K, 0% used [0x00000000fd100000,0x00000000fd100000,0x00000000fd980000)
 ParOldGen       total 524288K, used 458821K [0x00000000d0000000, 0x00000000f0000000, 0x00000000f0000000)
  object space 524288K, 87% used [0x00000000d0000000,0x00000000ec011628,0x00000000f0000000)
 PSPermGen       total 222208K, used 188617K [0x00000000c0000000, 0x00000000cd900000, 0x00000000d0000000)
  object space 222208K, 84% used [0x00000000c0000000,0x00000000cb832540,0x00000000cd900000)
Event: 23163.999 GC heap after
Heap after GC invocations=1582 (full 17):
 PSYoungGen      total 204800K, used 8688K [0x00000000f0000000, 0x00000000ffe00000, 0x0000000100000000)
  eden space 196096K, 0% used [0x00000000f0000000,0x00000000f0000000,0x00000000fbf80000)
  from space 8704K, 99% used [0x00000000fd100000,0x00000000fd97c118,0x00000000fd980000)
  to   space 17920K, 0% used [0x00000000fbf80000,0x00000000fbf80000,0x00000000fd100000)
 ParOldGen       total 524288K, used 478530K [0x00000000d0000000, 0x00000000f0000000, 0x00000000f0000000)
  object space 524288K, 91% used [0x00000000d0000000,0x00000000ed350a68,0x00000000f0000000)
 PSPermGen       total 222208K, used 188617K [0x00000000c0000000, 0x00000000cd900000, 0x00000000d0000000)
  object space 222208K, 84% used [0x00000000c0000000,0x00000000cb832540,0x00000000cd900000)
}
Event: 23169.042 GC heap before
{Heap before GC invocations=1583 (full 17):
 PSYoungGen      total 204800K, used 204784K [0x00000000f0000000, 0x00000000ffe00000, 0x0000000100000000)
  eden space 196096K, 100% used [0x00000000f0000000,0x00000000fbf80000,0x00000000fbf80000)
  from space 8704K, 99% used [0x00000000fd100000,0x00000000fd97c118,0x00000000fd980000)
  to   space 17920K, 0% used [0x00000000fbf80000,0x00000000fbf80000,0x00000000fd100000)
 ParOldGen       total 524288K, used 478530K [0x00000000d0000000, 0x00000000f0000000, 0x00000000f0000000)
  object space 524288K, 91% used [0x00000000d0000000,0x00000000ed350a68,0x00000000f0000000)
 PSPermGen       total 222208K, used 189974K [0x00000000c0000000, 0x00000000cd900000, 0x00000000d0000000)
  object space 222208K, 85% used [0x00000000c0000000,0x00000000cb985a10,0x00000000cd900000)
Event: 23169.072 GC heap after
Heap after GC invocations=1583 (full 17):
 PSYoungGen      total 214016K, used 13137K [0x00000000f0000000, 0x00000000ff980000, 0x0000000100000000)
  eden space 196096K, 0% used [0x00000000f0000000,0x00000000f0000000,0x00000000fbf80000)
  from space 17920K, 73% used [0x00000000fbf80000,0x00000000fcc545e0,0x00000000fd100000)
  to   space 19968K, 0% used [0x00000000fe600000,0x00000000fe600000,0x00000000ff980000)
 ParOldGen       total 524288K, used 478546K [0x00000000d0000000, 0x00000000f0000000, 0x00000000f0000000)
  object space 524288K, 91% used [0x00000000d0000000,0x00000000ed354a68,0x00000000f0000000)
 PSPermGen       total 222208K, used 189974K [0x00000000c0000000, 0x00000000cd900000, 0x00000000d0000000)
  object space 222208K, 85% used [0x00000000c0000000,0x00000000cb985a10,0x00000000cd900000)
}
Event: 23172.697 GC heap before
{Heap before GC invocations=1584 (full 17):
 PSYoungGen      total 214016K, used 209233K [0x00000000f0000000, 0x00000000ff980000, 0x0000000100000000)
  eden space 196096K, 100% used [0x00000000f0000000,0x00000000fbf80000,0x00000000fbf80000)
  from space 17920K, 73% used [0x00000000fbf80000,0x00000000fcc545e0,0x00000000fd100000)
  to   space 19968K, 0% used [0x00000000fe600000,0x00000000fe600000,0x00000000ff980000)
 ParOldGen       total 524288K, used 478546K [0x00000000d0000000, 0x00000000f0000000, 0x00000000f0000000)
  object space 524288K, 91% used [0x00000000d0000000,0x00000000ed354a68,0x00000000f0000000)
 PSPermGen       total 222208K, used 190276K [0x00000000c0000000, 0x00000000cd900000, 0x00000000d0000000)
  object space 222208K, 85% used [0x00000000c0000000,0x00000000cb9d10f8,0x00000000cd900000)
Event: 23172.722 GC heap after
Heap after GC invocations=1584 (full 17):
 PSYoungGen      total 233472K, used 15368K [0x00000000f0000000, 0x00000000ffc80000, 0x0000000100000000)
  eden space 213504K, 0% used [0x00000000f0000000,0x00000000f0000000,0x00000000fd080000)
  from space 19968K, 76% used [0x00000000fe600000,0x00000000ff502150,0x00000000ff980000)
  to   space 22016K, 0% used [0x00000000fd080000,0x00000000fd080000,0x00000000fe600000)
 ParOldGen       total 524288K, used 478546K [0x00000000d0000000, 0x00000000f0000000, 0x00000000f0000000)
  object space 524288K, 91% used [0x00000000d0000000,0x00000000ed354a68,0x00000000f0000000)
 PSPermGen       total 222208K, used 190276K [0x00000000c0000000, 0x00000000cd900000, 0x00000000d0000000)
  object space 222208K, 85% used [0x00000000c0000000,0x00000000cb9d10f8,0x00000000cd900000)
}
Event: 23178.918 GC heap before
{Heap before GC invocations=1585 (full 17):
 PSYoungGen      total 233472K, used 228872K [0x00000000f0000000, 0x00000000ffc80000, 0x0000000100000000)
  eden space 213504K, 100% used [0x00000000f0000000,0x00000000fd080000,0x00000000fd080000)
  from space 19968K, 76% used [0x00000000fe600000,0x00000000ff502150,0x00000000ff980000)
  to   space 22016K, 0% used [0x00000000fd080000,0x00000000fd080000,0x00000000fe600000)
 ParOldGen       total 524288K, used 478546K [0x00000000d0000000, 0x00000000f0000000, 0x00000000f0000000)
  object space 524288K, 91% used [0x00000000d0000000,0x00000000ed354a68,0x00000000f0000000)
 PSPermGen       total 222208K, used 190308K [0x00000000c0000000, 0x00000000cd900000, 0x00000000d0000000)
  object space 222208K, 85% used [0x00000000c0000000,0x00000000cb9d9360,0x00000000cd900000)
Event: 23178.939 GC heap after
Heap after GC invocations=1585 (full 17):
 PSYoungGen      total 235520K, used 17620K [0x00000000f0000000, 0x0000000100000000, 0x0000000100000000)
  eden space 213504K, 0% used [0x00000000f0000000,0x00000000f0000000,0x00000000fd080000)
  from space 22016K, 80% used [0x00000000fd080000,0x00000000fe1b5248,0x00000000fe600000)
  to   space 24576K, 0% used [0x00000000fe800000,0x00000000fe800000,0x0000000100000000)
 ParOldGen       total 524288K, used 478546K [0x00000000d0000000, 0x00000000f0000000, 0x00000000f0000000)
  object space 524288K, 91% used [0x00000000d0000000,0x00000000ed354a68,0x00000000f0000000)
 PSPermGen       total 222208K, used 190308K [0x00000000c0000000, 0x00000000cd900000, 0x00000000d0000000)
  object space 222208K, 85% used [0x00000000c0000000,0x00000000cb9d9360,0x00000000cd900000)
}
Event: 23207.064 GC heap before
{Heap before GC invocations=1586 (full 17):
 PSYoungGen      total 235520K, used 231124K [0x00000000f0000000, 0x0000000100000000, 0x0000000100000000)
  eden space 213504K, 100% used [0x00000000f0000000,0x00000000fd080000,0x00000000fd080000)
  from space 22016K, 80% used [0x00000000fd080000,0x00000000fe1b5248,0x00000000fe600000)
  to   space 24576K, 0% used [0x00000000fe800000,0x00000000fe800000,0x0000000100000000)
 ParOldGen       total 524288K, used 478546K [0x00000000d0000000, 0x00000000f0000000, 0x00000000f0000000)
  object space 524288K, 91% used [0x00000000d0000000,0x00000000ed354a68,0x00000000f0000000)
 PSPermGen       total 222208K, used 190319K [0x00000000c0000000, 0x00000000cd900000, 0x00000000d0000000)
  object space 222208K, 85% used [0x00000000c0000000,0x00000000cb9dbe48,0x00000000cd900000)
Event: 23207.096 GC heap after
Heap after GC invocations=1586 (full 17):
 PSYoungGen      total 232448K, used 18164K [0x00000000f0000000, 0x0000000100000000, 0x0000000100000000)
  eden space 207872K, 0% used [0x00000000f0000000,0x00000000f0000000,0x00000000fcb00000)
  from space 24576K, 73% used [0x00000000fe800000,0x00000000ff9bd288,0x0000000100000000)
  to   space 27136K, 0% used [0x00000000fcb00000,0x00000000fcb00000,0x00000000fe580000)
 ParOldGen       total 524288K, used 478546K [0x00000000d0000000, 0x00000000f0000000, 0x00000000f0000000)
  object space 524288K, 91% used [0x00000000d0000000,0x00000000ed354a68,0x00000000f0000000)
 PSPermGen       total 222208K, used 190319K [0x00000000c0000000, 0x00000000cd900000, 0x00000000d0000000)
  object space 222208K, 85% used [0x00000000c0000000,0x00000000cb9dbe48,0x00000000cd900000)
}

